e:\qt_rep\face_recognition\face_recognition\x64\debug\vc120.pdb
e:\qt_rep\face_recognition\face_recognition\x64\debug\main.obj
e:\qt_rep\face_recognition\face_recognition\x64\debug\moc_face_recognition.obj
e:\qt_rep\face_recognition\face_recognition\x64\debug\face_recognition.obj
e:\qt_rep\face_recognition\face_recognition\x64\debug\qrc_face_recognition.obj
e:\qt_rep\face_recognition\face_recognition\generatedfiles\debug\moc_face_recognition.cpp
e:\qt_rep\face_recognition\face_recognition\generatedfiles\ui_face_recognition.h
e:\qt_rep\face_recognition\face_recognition\generatedfiles\qrc_face_recognition.cpp
e:\qt_rep\face_recognition\x64\debug\face_recognition.ilk
e:\qt_rep\face_recognition\x64\debug\face_recognition.exe
e:\qt_rep\face_recognition\x64\debug\face_recognition.pdb
e:\qt_rep\face_recognition\face_recognition\x64\debug\face_recognition.tlog\cl.command.1.tlog
e:\qt_rep\face_recognition\face_recognition\x64\debug\face_recognition.tlog\cl.read.1.tlog
e:\qt_rep\face_recognition\face_recognition\x64\debug\face_recognition.tlog\cl.write.1.tlog
e:\qt_rep\face_recognition\face_recognition\x64\debug\face_recognition.tlog\custombuild.command.1.tlog
e:\qt_rep\face_recognition\face_recognition\x64\debug\face_recognition.tlog\custombuild.read.1.tlog
e:\qt_rep\face_recognition\face_recognition\x64\debug\face_recognition.tlog\custombuild.write.1.tlog
e:\qt_rep\face_recognition\face_recognition\x64\debug\face_recognition.tlog\link.command.1.tlog
e:\qt_rep\face_recognition\face_recognition\x64\debug\face_recognition.tlog\link.read.1.tlog
e:\qt_rep\face_recognition\face_recognition\x64\debug\face_recognition.tlog\link.write.1.tlog
