生成启动时间为 2018/8/6 11:36:36。
     1>项目“E:\qt_rep\face_recognition\face_recognition\face_recognition.vcxproj”在节点 2 上(Build 个目标)。
     1>CustomBuild:
         Moc'ing face_recognition.h...
       ClCompile:
         D:\visual studio 2013\下载的\VC\bin\x86_amd64\CL.exe /c /I.\GeneratedFiles /I. /ID:\QT\Qt5.9.6\5.9.6\msvc2013_64\include /I.\GeneratedFiles\Debug /ID:\QT\Qt5.9.6\5.9.6\msvc2013_64\include\QtCore /ID:\QT\Qt5.9.6\5.9.6\msvc2013_64\include\QtGui /ID:\QT\Qt5.9.6\5.9.6\msvc2013_64\include\QtMultimedia /ID:\QT\Qt5.9.6\5.9.6\msvc2013_64\include\QtMultimediaWidgets /ID:\QT\Qt5.9.6\5.9.6\msvc2013_64\include\QtNetwork /ID:\QT\Qt5.9.6\5.9.6\msvc2013_64\include\QtWidgets /ID:\QT\Qt5.9.6\5.9.6\msvc2013_64\include\QtXml /ID:\QT\Qt5.9.6\5.9.6\msvc2013_64\include\QtXmlPatterns /Zi /nologo /W1 /WX- /Od /D UNICODE /D _UNICODE /D WIN32 /D WIN64 /D QT_DLL /D QT_CORE_LIB /D QT_GUI_LIB /D QT_MULTIMEDIA_LIB /D QT_MULTIMEDIAWIDGETS_LIB /D QT_NETWORK_LIB /D QT_WIDGETS_LIB /D QT_XML_LIB /D QT_XMLPATTERNS_LIB /Gm- /EHsc /MDd /GS /fp:precise /Zc:wchar_t /Zc:forScope /Fo"x64\Debug\\" /Fd"x64\Debug\vc120.pdb" /Gd /TP /errorReport:prompt GeneratedFiles\Debug\moc_face_recognition.cpp face_recognition.cpp main.cpp
         moc_face_recognition.cpp
     1>D:\opencv\Opencv3.0\opencv\build\include\opencv2/core/mat.hpp(1965): warning C4819: 该文件包含不能在当前代码页(936)中表示的字符。请将该文件保存为 Unicode 格式以防止数据丢失
     1>D:\opencv\Opencv3.0\opencv\build\include\opencv2/core/persistence.hpp : warning C4819: 该文件包含不能在当前代码页(936)中表示的字符。请将该文件保存为 Unicode 格式以防止数据丢失
     1>D:\opencv\Opencv3.0\opencv\build\include\opencv2/core/utility.hpp : warning C4819: 该文件包含不能在当前代码页(936)中表示的字符。请将该文件保存为 Unicode 格式以防止数据丢失
         face_recognition.cpp
     1>D:\opencv\Opencv3.0\opencv\build\include\opencv2/core/mat.hpp(1965): warning C4819: 该文件包含不能在当前代码页(936)中表示的字符。请将该文件保存为 Unicode 格式以防止数据丢失
     1>D:\opencv\Opencv3.0\opencv\build\include\opencv2/core/persistence.hpp : warning C4819: 该文件包含不能在当前代码页(936)中表示的字符。请将该文件保存为 Unicode 格式以防止数据丢失
     1>D:\opencv\Opencv3.0\opencv\build\include\opencv2/core/utility.hpp : warning C4819: 该文件包含不能在当前代码页(936)中表示的字符。请将该文件保存为 Unicode 格式以防止数据丢失
         main.cpp
     1>D:\opencv\Opencv3.0\opencv\build\include\opencv2/core/mat.hpp(1965): warning C4819: 该文件包含不能在当前代码页(936)中表示的字符。请将该文件保存为 Unicode 格式以防止数据丢失
     1>D:\opencv\Opencv3.0\opencv\build\include\opencv2/core/persistence.hpp : warning C4819: 该文件包含不能在当前代码页(936)中表示的字符。请将该文件保存为 Unicode 格式以防止数据丢失
     1>D:\opencv\Opencv3.0\opencv\build\include\opencv2/core/utility.hpp : warning C4819: 该文件包含不能在当前代码页(936)中表示的字符。请将该文件保存为 Unicode 格式以防止数据丢失
         正在生成代码...
       Link:
         D:\visual studio 2013\下载的\VC\bin\x86_amd64\link.exe /ERRORREPORT:PROMPT /OUT:"E:\qt_rep\face_recognition\x64\Debug\\face_recognition.exe" /NOLOGO /LIBPATH:D:\QT\Qt5.9.6\5.9.6\msvc2013_64\lib qtmaind.lib Qt5Cored.lib Qt5Guid.lib Qt5Multimediad.lib Qt5MultimediaWidgetsd.lib Qt5Networkd.lib Qt5Widgetsd.lib Qt5Xmld.lib Qt5XmlPatternsd.lib "realsense-d.lib" wolfitApp.lib extract_features.lib libcaffe.lib opencv_ts300d.lib opencv_world300d.lib kernel32.lib user32.lib gdi32.lib winspool.lib comdlg32.lib advapi32.lib shell32.lib ole32.lib oleaut32.lib uuid.lib odbc32.lib odbccp32.lib /MANIFEST /MANIFESTUAC:"level='asInvoker' uiAccess='false'" /manifest:embed /DEBUG /PDB:"E:\qt_rep\face_recognition\x64\Debug\face_recognition.pdb" /SUBSYSTEM:WINDOWS /TLBID:1 /DYNAMICBASE /NXCOMPAT /IMPLIB:"E:\qt_rep\face_recognition\x64\Debug\face_recognition.lib" /MACHINE:X64 x64\Debug\face_recognition.obj
         x64\Debug\moc_face_recognition.obj
         x64\Debug\qrc_face_recognition.obj
         x64\Debug\main.obj
         face_recognition.vcxproj -> E:\qt_rep\face_recognition\x64\Debug\face_recognition.exe
     1>已完成生成项目“E:\qt_rep\face_recognition\face_recognition\face_recognition.vcxproj”(Build 个目标)的操作。

生成成功。

已用时间 00:00:34.46
